INFO => (SWEMuseumsVerwaltung.java:56)::main: Ressourcen unter /mnt/data/the_oronco/Desktop/Projekte-DHBW-Karlsruhe/resources verwendet
INFO => (SWEMuseumsVerwaltung.java:69)::main: Default Ressourcen unter /mnt/data/the_oronco/Desktop/Projekte-DHBW-Karlsruhe/resources/default verwendet
INFO => (SWEMuseumsVerwaltung.java:75)::main: default Elemente geladen
INFO => (SWEMuseumsVerwaltung.java:56)::main: Ressourcen unter /mnt/data/the_oronco/Desktop/Projekte-DHBW-Karlsruhe/resources/data verwendet
INFO => (SWEMuseumsVerwaltung.java:69)::main: Default Ressourcen unter /mnt/data/the_oronco/Desktop/Projekte-DHBW-Karlsruhe/resources/data/default verwendet
WARNING => (MuseumsManager.java:327)::ladeDefaultElemente: Keine Default Datei unter /mnt/data/the_oronco/Desktop/Projekte-DHBW-Karlsruhe/resources/data/default/Bild.csv gefunden.Default-Daten fuer Bild aus interner default Datei geladen.
WARNING => (MuseumsManager.java:327)::ladeDefaultElemente: Keine Default Datei unter /mnt/data/the_oronco/Desktop/Projekte-DHBW-Karlsruhe/resources/data/default/Epoche.csv gefunden.Default-Daten fuer Epoche aus interner default Datei geladen.
WARNING => (MuseumsManager.java:327)::ladeDefaultElemente: Keine Default Datei unter /mnt/data/the_oronco/Desktop/Projekte-DHBW-Karlsruhe/resources/data/default/Foerderer.csv gefunden.Default-Daten fuer Foerderer aus interner default Datei geladen.
WARNING => (MuseumsManager.java:327)::ladeDefaultElemente: Keine Default Datei unter /mnt/data/the_oronco/Desktop/Projekte-DHBW-Karlsruhe/resources/data/default/Raum.csv gefunden.Default-Daten fuer Raum aus interner default Datei geladen.
INFO => (SWEMuseumsVerwaltung.java:75)::main: default Elemente geladen
WARNING => (MuseumsElementFactory.java:112)::createElement: Exponat nicht erstellt aus den Daten: [x1, mona lisa, 2020.08.01, Lenoard Darfintschi, 2, Bild, e11, Italien, 420.69, 3.50, 1000, 2020.08.01 | Erschaffung der Mona Lisa , 2020.08.02|Mona Lisa wurde von unserem Museum aufgekauft, 2020.08.02|Exponat wurde angelegt, 2020.08.01|Leonad Dafintschi, 2020.08.02|Das Museum, b2, Die noch nicht weltberuemte Mona Lisa von Leonard Dafintschi] Es wurde eine Exception geworfen ->Index: 0, Size: 0
WARNING => (MuseumsElementFactory.java:112)::createElement: Exponat nicht erstellt aus den Daten: [x2, der schrai, 2020.08.01, Eduard Mampf, 3.2, Bild, e20, Norwegen, 420.69, 3.50, 1000, 1893.01.01 | Erschaffung des Schrais , 2020.08.02|der Schrai wurde von unserem Museum aufgekauft, 2020.08.02|Exponat wurde angelegt, 2020.08.01|Eduard Mampf, 2020.08.02|Das Museum, b3, Der noch nicht weltberuemte Schrai] Es wurde eine Exception geworfen ->Index: 0, Size: 0
WARNING => (MuseumsElementFactory.java:112)::createElement: Exponat nicht erstellt aus den Daten: [x3, die heilige Banane, 2020.08.01, DK, 340.2, Heiligtum, e32, DK-Island, 99999, 999999, 9999, 2020.08.01 | Erschaffung der Heiligen Banane , 2020.08.02|Die Banane wurde unserem Museum gespendet, 2020.08.02|Exponat wurde angelegt, 2020.08.01|Leonad Dafintschi, 2020.08.02|Das Museum, b1, Die heilige Banane] Es wurde eine Exception geworfen ->Index: 0, Size: 0
INFO => (SWEMuseumsVerwaltung.java:63)::main: Ressourcen unter /mnt/data/the_oronco/Desktop/Projekte-DHBW-Karlsruhe/resources/data/ verwendet
INFO => (SWEMuseumsVerwaltung.java:76)::main: Default Ressourcen unter /mnt/data/the_oronco/Desktop/Projekte-DHBW-Karlsruhe/resources/data/default verwendet
INFO => (SWEMuseumsVerwaltung.java:82)::main: default Elemente geladen
INFO => (SWEMuseumsVerwaltung.java:93)::main: es wurden 7 Elemente vom Typ Bild importiert.
INFO => (SWEMuseumsVerwaltung.java:93)::main: es wurden 32 Elemente vom Typ Epoche importiert.
INFO => (SWEMuseumsVerwaltung.java:93)::main: es wurden 3 Elemente vom Typ Exponat importiert.
INFO => (MuseumsElementFactory.java:356)::createFoerderer: Kein Exponat mit der Exponatnummer e2 gefunden -> ignoriert
INFO => (MuseumsElementFactory.java:356)::createFoerderer: Kein Exponat mit der Exponatnummer e2 gefunden -> ignoriert
INFO => (SWEMuseumsVerwaltung.java:93)::main: es wurden 2 Elemente vom Typ Foerderer importiert.
INFO => (MuseumsElementFactory.java:525)::createKontaktdaten: CSV-Daten: [theo.roncoletta@gmail.com, 015782770476, SWE-Museumsverwaltungssoftwareprogrammierer co. KG.| Theo Roncoletta| Tennesseeallee| 28| 76149| Karlsruhe| Deutschland _ 42069| 76149| Karlsruhe| Deutschland]konnten nicht in eine Anschrifft umgewandelt werden -> ignoriert
INFO => (MuseumsElementFactory.java:525)::createKontaktdaten: CSV-Daten: [theo.roncoletta@gmail.com, 015782770476, SWE-Museumsverwaltungssoftwareprogrammierer co. KG.| Theo Roncoletta| Tennesseeallee| 28| 76149| Karlsruhe| Deutschland _ 42069| 76149| Karlsruhe| Deutschland]konnten nicht in eine Anschrifft umgewandelt werden -> ignoriert
INFO => (MuseumsElementFactory.java:525)::createKontaktdaten: CSV-Daten: [theo.roncoletta@gmail.com, 015782770476, SWE-Museumsverwaltungssoftwareprogrammierer co. KG.| Theo Roncoletta| Tennesseeallee| 28| 76149| Karlsruhe| Deutschland _ 42069| 76149| Karlsruhe| Deutschland]konnten nicht in eine Anschrifft umgewandelt werden -> ignoriert
INFO => (MuseumsElementFactory.java:525)::createKontaktdaten: CSV-Daten: [theo.roncoletta@gmail.com, 015782770476, SWE-Museumsverwaltungssoftwareprogrammierer co. KG.| Theo Roncoletta| Tennesseeallee| 28| 76149| Karlsruhe| Deutschland _ 42069| 76149| Karlsruhe| Deutschland]konnten nicht in eine Anschrifft umgewandelt werden -> ignoriert
INFO => (MuseumsElementFactory.java:525)::createKontaktdaten: CSV-Daten: [theo.roncoletta@gmail.com, 015782770476, SWE-Museumsverwaltungssoftwareprogrammierer co. KG.| Theo Roncoletta| Tennesseeallee| 28| 76149| Karlsruhe| Deutschland _ 42069| 76149| Karlsruhe| Deutschland]konnten nicht in eine Anschrifft umgewandelt werden -> ignoriert
INFO => (MuseumsElementFactory.java:525)::createKontaktdaten: CSV-Daten: [theo.roncoletta@gmail.com, 015782770476, SWE-Museumsverwaltungssoftwareprogrammierer co. KG.| Theo Roncoletta| Tennesseeallee| 28| 76149| Karlsruhe| Deutschland _ 42069| 76149| Karlsruhe| Deutschland]konnten nicht in eine Anschrifft umgewandelt werden -> ignoriert
INFO => (MuseumsElementFactory.java:525)::createKontaktdaten: CSV-Daten: [theo.roncoletta@gmail.com, 015782770476, SWE-Museumsverwaltungssoftwareprogrammierer co. KG.| Theo Roncoletta| Tennesseeallee| 28| 76149| Karlsruhe| Deutschland _ 42069| 76149| Karlsruhe| Deutschland]konnten nicht in eine Anschrifft umgewandelt werden -> ignoriert
INFO => (MuseumsElementFactory.java:525)::createKontaktdaten: CSV-Daten: [theo.roncoletta@gmail.com, 015782770476, SWE-Museumsverwaltungssoftwareprogrammierer co. KG.| Theo Roncoletta| Tennesseeallee| 28| 76149| Karlsruhe| Deutschland _ 42069| 76149| Karlsruhe| Deutschland]konnten nicht in eine Anschrifft umgewandelt werden -> ignoriert
INFO => (MuseumsElementFactory.java:525)::createKontaktdaten: CSV-Daten: [theo.roncoletta@gmail.com, 015782770476, SWE-Museumsverwaltungssoftwareprogrammierer co. KG.| Theo Roncoletta| Tennesseeallee| 28| 76149| Karlsruhe| Deutschland _ 42069| 76149| Karlsruhe| Deutschland]konnten nicht in eine Anschrifft umgewandelt werden -> ignoriert
INFO => (MuseumsElementFactory.java:525)::createKontaktdaten: CSV-Daten: [theo.roncoletta@gmail.com, 015782770476, SWE-Museumsverwaltungssoftwareprogrammierer co. KG.| Theo Roncoletta| Tennesseeallee| 28| 76149| Karlsruhe| Deutschland _ 42069| 76149| Karlsruhe| Deutschland]konnten nicht in eine Anschrifft umgewandelt werden -> ignoriert
INFO => (MuseumsElementFactory.java:525)::createKontaktdaten: CSV-Daten: [kaido.der@haido.swe, 017675747121, SWE-Museumsverwaltungssoftwareprogrammierer co. KG.| Kai Haubrich| Strasse| 1| 76149| Karlsruhe| Deutschland]konnten nicht in eine Anschrifft umgewandelt werden -> ignoriert
INFO => (MuseumsElementFactory.java:525)::createKontaktdaten: CSV-Daten: [kaido.der@haido.swe, 017675747121, SWE-Museumsverwaltungssoftwareprogrammierer co. KG.| Kai Haubrich| Strasse| 1| 76149| Karlsruhe| Deutschland]konnten nicht in eine Anschrifft umgewandelt werden -> ignoriert
INFO => (MuseumsElementFactory.java:525)::createKontaktdaten: CSV-Daten: [kaido.der@haido.swe, 017675747121, SWE-Museumsverwaltungssoftwareprogrammierer co. KG.| Kai Haubrich| Strasse| 1| 76149| Karlsruhe| Deutschland]konnten nicht in eine Anschrifft umgewandelt werden -> ignoriert
INFO => (MuseumsElementFactory.java:525)::createKontaktdaten: CSV-Daten: [kaido.der@haido.swe, 017675747121, SWE-Museumsverwaltungssoftwareprogrammierer co. KG.| Kai Haubrich| Strasse| 1| 76149| Karlsruhe| Deutschland]konnten nicht in eine Anschrifft umgewandelt werden -> ignoriert
INFO => (MuseumsElementFactory.java:525)::createKontaktdaten: CSV-Daten: [kaido.der@haido.swe, 017675747121, SWE-Museumsverwaltungssoftwareprogrammierer co. KG.| Kai Haubrich| Strasse| 1| 76149| Karlsruhe| Deutschland]konnten nicht in eine Anschrifft umgewandelt werden -> ignoriert
INFO => (MuseumsElementFactory.java:525)::createKontaktdaten: CSV-Daten: [kaido.der@haido.swe, 017675747121, SWE-Museumsverwaltungssoftwareprogrammierer co. KG.| Kai Haubrich| Strasse| 1| 76149| Karlsruhe| Deutschland]konnten nicht in eine Anschrifft umgewandelt werden -> ignoriert
INFO => (MuseumsElementFactory.java:525)::createKontaktdaten: CSV-Daten: [kaido.der@haido.swe, 017675747121, SWE-Museumsverwaltungssoftwareprogrammierer co. KG.| Kai Haubrich| Strasse| 1| 76149| Karlsruhe| Deutschland]konnten nicht in eine Anschrifft umgewandelt werden -> ignoriert
INFO => (SWEMuseumsVerwaltung.java:93)::main: es wurden 2 Elemente vom Typ Mitarbeiter importiert.
INFO => (MuseumsElementFactory.java:303)::createRaum: Exponat  xBanane unbekannt -> ignoriert
INFO => (SWEMuseumsVerwaltung.java:93)::main: es wurden 2 Elemente vom Typ Raum importiert.
INFO => (SWEMuseumsVerwaltung.java:63)::main: Ressourcen unter /mnt/data/the_oronco/Desktop/Projekte-DHBW-Karlsruhe/resources/data/ verwendet
INFO => (SWEMuseumsVerwaltung.java:76)::main: Default Ressourcen unter /mnt/data/the_oronco/Desktop/Projekte-DHBW-Karlsruhe/resources/data/default verwendet
INFO => (SWEMuseumsVerwaltung.java:82)::main: default Elemente geladen
INFO => (SWEMuseumsVerwaltung.java:93)::main: es wurden 7 Elemente vom Typ Bild importiert.
INFO => (SWEMuseumsVerwaltung.java:93)::main: es wurden 32 Elemente vom Typ Epoche importiert.
INFO => (SWEMuseumsVerwaltung.java:93)::main: es wurden 3 Elemente vom Typ Exponat importiert.
INFO => (MuseumsElementFactory.java:356)::createFoerderer: Kein Exponat mit der Exponatnummer e2 gefunden -> ignoriert
INFO => (MuseumsElementFactory.java:356)::createFoerderer: Kein Exponat mit der Exponatnummer e2 gefunden -> ignoriert
INFO => (SWEMuseumsVerwaltung.java:93)::main: es wurden 2 Elemente vom Typ Foerderer importiert.
INFO => (SWEMuseumsVerwaltung.java:93)::main: es wurden 2 Elemente vom Typ Mitarbeiter importiert.
INFO => (MuseumsElementFactory.java:303)::createRaum: Exponat  xBanane unbekannt -> ignoriert
INFO => (SWEMuseumsVerwaltung.java:93)::main: es wurden 2 Elemente vom Typ Raum importiert.
INFO => (MuseumsElementFactory.java:144)::createExponat: Epoche mit der Epochennummer e11 ignoriert -> Default Epoche geladen.
INFO => (MuseumsElementFactory.java:156)::createExponat: Bild mit der Bildnummer b2 ignoriert -> Default Bild geladen.
INFO => (MuseumsElementFactory.java:144)::createExponat: Epoche mit der Epochennummer e20 ignoriert -> Default Epoche geladen.
INFO => (MuseumsElementFactory.java:156)::createExponat: Bild mit der Bildnummer b3 ignoriert -> Default Bild geladen.
INFO => (MuseumsElementFactory.java:144)::createExponat: Epoche mit der Epochennummer e32 ignoriert -> Default Epoche geladen.
INFO => (MuseumsElementFactory.java:156)::createExponat: Bild mit der Bildnummer b1 ignoriert -> Default Bild geladen.
INFO => (MuseumsElementFactory.java:144)::createExponat: Epoche mit der Epochennummer e0 ignoriert -> Default Epoche geladen.
INFO => (MuseumsElementFactory.java:156)::createExponat: Bild mit der Bildnummer b0 ignoriert -> Default Bild geladen.
INFO => (MuseumsElementFactory.java:144)::createExponat: Epoche mit der Epochennummer e0 ignoriert -> Default Epoche geladen.
INFO => (MuseumsElementFactory.java:156)::createExponat: Bild mit der Bildnummer b0 ignoriert -> Default Bild geladen.
INFO => (MuseumsElementFactory.java:144)::createExponat: Epoche mit der Epochennummer e0 ignoriert -> Default Epoche geladen.
INFO => (MuseumsElementFactory.java:156)::createExponat: Bild mit der Bildnummer b0 ignoriert -> Default Bild geladen.
INFO => (SWEMuseumsVerwaltung.java:63)::main: Ressourcen unter /mnt/data/the_oronco/Desktop/Projekte-DHBW-Karlsruhe/resources/data/ verwendet
INFO => (SWEMuseumsVerwaltung.java:76)::main: Default Ressourcen unter /mnt/data/the_oronco/Desktop/Projekte-DHBW-Karlsruhe/resources/data/default verwendet
INFO => (SWEMuseumsVerwaltung.java:82)::main: default Elemente geladen
INFO => (SWEMuseumsVerwaltung.java:93)::main: es wurden 7 Elemente vom Typ Bild importiert.
INFO => (SWEMuseumsVerwaltung.java:93)::main: es wurden 32 Elemente vom Typ Epoche importiert.
INFO => (SWEMuseumsVerwaltung.java:93)::main: es wurden 3 Elemente vom Typ Exponat importiert.
INFO => (MuseumsElementFactory.java:356)::createFoerderer: Kein Exponat mit der Exponatnummer e2 gefunden -> ignoriert
INFO => (MuseumsElementFactory.java:356)::createFoerderer: Kein Exponat mit der Exponatnummer e2 gefunden -> ignoriert
INFO => (SWEMuseumsVerwaltung.java:93)::main: es wurden 2 Elemente vom Typ Foerderer importiert.
INFO => (SWEMuseumsVerwaltung.java:93)::main: es wurden 2 Elemente vom Typ Mitarbeiter importiert.
INFO => (MuseumsElementFactory.java:303)::createRaum: Exponat  xBanane unbekannt -> ignoriert
INFO => (SWEMuseumsVerwaltung.java:93)::main: es wurden 2 Elemente vom Typ Raum importiert.
